{"total": {"lines":{"total":7,"covered":7,"skipped":0,"pct":100},"statements":{"total":12,"covered":9,"skipped":0,"pct":75},"functions":{"total":4,"covered":4,"skipped":0,"pct":100},"branches":{"total":16,"covered":10,"skipped":0,"pct":62.5},"branchesTrue":{"total":0,"covered":0,"skipped":0,"pct":"Unknown"}}
,"/Users/evanedreo/cse110-sp25-group25/js/swipe.utils.js": {"lines":{"total":7,"covered":7,"skipped":0,"pct":100},"functions":{"total":4,"covered":4,"skipped":0,"pct":100},"statements":{"total":12,"covered":9,"skipped":0,"pct":75},"branches":{"total":16,"covered":10,"skipped":0,"pct":62.5}}
}
