{"/Users/evanedreo/cse110-sp25-group25/js/swipe.utils.js": {"path":"/Users/evanedreo/cse110-sp25-group25/js/swipe.utils.js","statementMap":{"0":{"start":{"line":3,"column":4},"end":{"line":9,"column":7}},"1":{"start":{"line":4,"column":6},"end":{"line":4,"column":73}},"2":{"start":{"line":4,"column":60},"end":{"line":4,"column":73}},"3":{"start":{"line":5,"column":6},"end":{"line":5,"column":79}},"4":{"start":{"line":5,"column":66},"end":{"line":5,"column":79}},"5":{"start":{"line":6,"column":6},"end":{"line":6,"column":86}},"6":{"start":{"line":6,"column":73},"end":{"line":6,"column":86}},"7":{"start":{"line":7,"column":6},"end":{"line":7,"column":80}},"8":{"start":{"line":7,"column":67},"end":{"line":7,"column":80}},"9":{"start":{"line":8,"column":6},"end":{"line":8,"column":18}},"10":{"start":{"line":13,"column":4},"end":{"line":13,"column":53}},"11":{"start":{"line":13,"column":28},"end":{"line":13,"column":51}}},"fnMap":{"0":{"name":"applyFilters","decl":{"start":{"line":2,"column":9},"end":{"line":2,"column":21}},"loc":{"start":{"line":2,"column":37},"end":{"line":10,"column":3}},"line":2},"1":{"name":"(anonymous_1)","decl":{"start":{"line":3,"column":23},"end":{"line":3,"column":24}},"loc":{"start":{"line":3,"column":28},"end":{"line":9,"column":5}},"line":3},"2":{"name":"removeViewed","decl":{"start":{"line":12,"column":11},"end":{"line":12,"column":23}},"loc":{"start":{"line":12,"column":38},"end":{"line":14,"column":3}},"line":12},"3":{"name":"(anonymous_3)","decl":{"start":{"line":13,"column":23},"end":{"line":13,"column":24}},"loc":{"start":{"line":13,"column":28},"end":{"line":13,"column":51}},"line":13}},"branchMap":{"0":{"loc":{"start":{"line":4,"column":6},"end":{"line":4,"column":73}},"type":"if","locations":[{"start":{"line":4,"column":6},"end":{"line":4,"column":73}},{"start":{},"end":{}}],"line":4},"1":{"loc":{"start":{"line":4,"column":10},"end":{"line":4,"column":58}},"type":"binary-expr","locations":[{"start":{"line":4,"column":10},"end":{"line":4,"column":25}},{"start":{"line":4,"column":29},"end":{"line":4,"column":58}}],"line":4},"2":{"loc":{"start":{"line":5,"column":6},"end":{"line":5,"column":79}},"type":"if","locations":[{"start":{"line":5,"column":6},"end":{"line":5,"column":79}},{"start":{},"end":{}}],"line":5},"3":{"loc":{"start":{"line":5,"column":10},"end":{"line":5,"column":64}},"type":"binary-expr","locations":[{"start":{"line":5,"column":10},"end":{"line":5,"column":23}},{"start":{"line":5,"column":27},"end":{"line":5,"column":64}}],"line":5},"4":{"loc":{"start":{"line":6,"column":6},"end":{"line":6,"column":86}},"type":"if","locations":[{"start":{"line":6,"column":6},"end":{"line":6,"column":86}},{"start":{},"end":{}}],"line":6},"5":{"loc":{"start":{"line":6,"column":10},"end":{"line":6,"column":71}},"type":"binary-expr","locations":[{"start":{"line":6,"column":10},"end":{"line":6,"column":26}},{"start":{"line":6,"column":30},"end":{"line":6,"column":71}}],"line":6},"6":{"loc":{"start":{"line":7,"column":6},"end":{"line":7,"column":80}},"type":"if","locations":[{"start":{"line":7,"column":6},"end":{"line":7,"column":80}},{"start":{},"end":{}}],"line":7},"7":{"loc":{"start":{"line":7,"column":10},"end":{"line":7,"column":65}},"type":"binary-expr","locations":[{"start":{"line":7,"column":10},"end":{"line":7,"column":24}},{"start":{"line":7,"column":28},"end":{"line":7,"column":65}}],"line":7}},"s":{"0":1,"1":3,"2":1,"3":2,"4":0,"5":2,"6":0,"7":2,"8":0,"9":2,"10":1,"11":3},"f":{"0":1,"1":3,"2":1,"3":3},"b":{"0":[1,2],"1":[3,3],"2":[0,2],"3":[2,0],"4":[0,2],"5":[2,0],"6":[0,2],"7":[2,0]},"inputSourceMap":null,"_coverageSchema":"1a1c01bbd47fc00a2c39e90264f33305004495a9","hash":"af7047c41e49ca680f3eae2aa2fda91a4cc9c925"}
}
