TN:
SF:js/collection.js
FN:3,init
FN:8,(anonymous_1)
FN:16,renderDeck
FN:29,(anonymous_3)
FNF:4
FNH:0
FNDA:0,init
FNDA:0,(anonymous_1)
FNDA:0,renderDeck
FNDA:0,(anonymous_3)
DA:1,0
DA:4,0
DA:6,0
DA:7,0
DA:8,0
DA:9,0
DA:10,0
DA:11,0
DA:17,0
DA:18,0
DA:19,0
DA:21,0
DA:23,0
DA:24,0
DA:25,0
DA:29,0
DA:30,0
DA:31,0
DA:32,0
DA:49,0
LF:20
LH:0
BRDA:7,0,0,0
BRDA:7,0,1,0
BRDA:18,1,0,0
BRDA:18,1,1,0
BRDA:21,2,0,0
BRDA:21,2,1,0
BRDA:23,3,0,0
BRDA:23,3,1,0
BRF:8
BRH:0
end_of_record
TN:
SF:js/filters.js
FN:10,showOptions
FN:12,(anonymous_1)
FN:16,(anonymous_2)
FN:17,(anonymous_3)
FN:24,(anonymous_4)
FN:32,confirmSelection
FN:35,(anonymous_6)
FN:75,validatePositiveNumber
FNF:8
FNH:0
FNDA:0,showOptions
FNDA:0,(anonymous_1)
FNDA:0,(anonymous_2)
FNDA:0,(anonymous_3)
FNDA:0,(anonymous_4)
FNDA:0,confirmSelection
FNDA:0,(anonymous_6)
FNDA:0,validatePositiveNumber
DA:2,0
DA:11,0
DA:12,0
DA:13,0
DA:16,0
DA:17,0
DA:19,0
DA:20,0
DA:23,0
DA:24,0
DA:25,0
DA:33,0
DA:34,0
DA:35,0
DA:38,0
DA:39,0
DA:40,0
DA:41,0
DA:43,0
DA:44,0
DA:48,0
DA:49,0
DA:50,0
DA:51,0
DA:53,0
DA:54,0
DA:59,0
DA:60,0
DA:61,0
DA:62,0
DA:64,0
DA:65,0
DA:70,0
DA:71,0
DA:76,0
DA:77,0
DA:83,0
DA:84,0
LF:38
LH:0
BRDA:19,0,0,0
BRDA:19,0,1,0
BRDA:33,1,0,0
BRDA:33,1,1,0
BRDA:38,2,0,0
BRDA:38,2,1,0
BRDA:40,3,0,0
BRDA:40,3,1,0
BRDA:48,4,0,0
BRDA:48,4,1,0
BRDA:50,5,0,0
BRDA:50,5,1,0
BRDA:59,6,0,0
BRDA:59,6,1,0
BRDA:61,7,0,0
BRDA:61,7,1,0
BRDA:61,8,0,0
BRDA:61,8,1,0
BRDA:61,8,2,0
BRDA:77,9,0,0
BRDA:77,9,1,0
BRF:21
BRH:0
end_of_record
TN:
SF:js/scripts.js
FN:3,init
FN:8,setupDropDown
FN:11,(anonymous_2)
FN:12,(anonymous_3)
FNF:4
FNH:0
FNDA:0,init
FNDA:0,setupDropDown
FNDA:0,(anonymous_2)
FNDA:0,(anonymous_3)
DA:1,0
DA:5,0
DA:9,0
DA:10,0
DA:11,0
DA:12,0
DA:13,0
DA:14,0
DA:17,0
LF:9
LH:0
BRDA:13,0,0,0
BRDA:13,0,1,0
BRF:2
BRH:0
end_of_record
TN:
SF:js/swipe.js
FN:1,(anonymous_0)
FN:30,applyFilters
FN:31,(anonymous_2)
FN:42,removeViewed
FN:43,(anonymous_4)
FN:48,saveToDeck
FN:52,(anonymous_6)
FN:57,(anonymous_7)
FN:64,renderRestaurant
FN:71,(anonymous_9)
FN:151,resetCard
FN:159,(anonymous_11)
FN:167,setupButtons
FN:169,(anonymous_13)
FN:174,(anonymous_14)
FN:192,(anonymous_15)
FN:197,(anonymous_16)
FN:215,setupFlipping
FN:230,(anonymous_18)
FN:246,(anonymous_19)
FN:254,(anonymous_20)
FN:267,handleViewedCard
FN:271,(anonymous_22)
FNF:23
FNH:4
FNDA:0,(anonymous_0)
FNDA:1,applyFilters
FNDA:3,(anonymous_2)
FNDA:1,removeViewed
FNDA:3,(anonymous_4)
FNDA:0,saveToDeck
FNDA:0,(anonymous_6)
FNDA:0,(anonymous_7)
FNDA:0,renderRestaurant
FNDA:0,(anonymous_9)
FNDA:0,resetCard
FNDA:0,(anonymous_11)
FNDA:0,setupButtons
FNDA:0,(anonymous_13)
FNDA:0,(anonymous_14)
FNDA:0,(anonymous_15)
FNDA:0,(anonymous_16)
FNDA:0,setupFlipping
FNDA:0,(anonymous_18)
FNDA:0,(anonymous_19)
FNDA:0,(anonymous_20)
FNDA:0,handleViewedCard
FNDA:0,(anonymous_22)
DA:1,1
DA:2,0
DA:4,0
DA:5,0
DA:6,0
DA:7,0
DA:10,0
DA:11,0
DA:12,0
DA:15,0
DA:16,0
DA:17,0
DA:20,0
DA:21,0
DA:22,0
DA:25,0
DA:26,0
DA:31,1
DA:32,3
DA:33,2
DA:35,2
DA:36,2
DA:38,2
DA:43,1
DA:44,3
DA:49,0
DA:50,0
DA:52,0
DA:53,0
DA:54,0
DA:57,0
DA:58,0
DA:59,0
DA:60,0
DA:65,0
DA:66,0
DA:67,0
DA:68,0
DA:70,0
DA:71,0
DA:72,0
DA:73,0
DA:76,0
DA:114,0
DA:115,0
DA:116,0
DA:117,0
DA:119,0
DA:120,0
DA:121,0
DA:122,0
DA:127,0
DA:128,0
DA:131,0
DA:132,0
DA:133,0
DA:134,0
DA:139,0
DA:140,0
DA:142,0
DA:143,0
DA:146,0
DA:147,0
DA:148,0
DA:152,0
DA:153,0
DA:154,0
DA:155,0
DA:157,0
DA:159,0
DA:160,0
DA:161,0
DA:162,0
DA:168,0
DA:169,0
DA:170,0
DA:171,0
DA:172,0
DA:174,0
DA:175,0
DA:176,0
DA:177,0
DA:179,0
DA:181,0
DA:182,0
DA:183,0
DA:187,0
DA:188,0
DA:191,0
DA:192,0
DA:193,0
DA:194,0
DA:195,0
DA:197,0
DA:198,0
DA:199,0
DA:200,0
DA:202,0
DA:203,0
DA:204,0
DA:205,0
DA:208,0
DA:209,0
DA:211,0
DA:217,0
DA:219,0
DA:220,0
DA:221,0
DA:222,0
DA:224,0
DA:225,0
DA:226,0
DA:227,0
DA:230,0
DA:231,0
DA:233,0
DA:235,0
DA:237,0
DA:238,0
DA:241,0
DA:242,0
DA:243,0
DA:246,0
DA:247,0
DA:248,0
DA:251,0
DA:252,0
DA:254,0
DA:255,0
DA:256,0
DA:258,0
DA:259,0
DA:260,0
DA:269,0
DA:271,0
DA:272,0
DA:273,0
DA:274,0
LF:138
LH:9
BRDA:4,0,0,0
BRDA:4,0,1,0
BRDA:11,1,0,0
BRDA:11,1,1,0
BRDA:16,2,0,0
BRDA:16,2,1,0
BRDA:20,3,0,0
BRDA:20,3,1,0
BRDA:20,4,0,0
BRDA:20,4,1,0
BRDA:32,5,0,1
BRDA:32,5,1,2
BRDA:32,6,0,3
BRDA:32,6,1,3
BRDA:33,7,0,0
BRDA:33,7,1,2
BRDA:33,8,0,2
BRDA:33,8,1,0
BRDA:35,9,0,0
BRDA:35,9,1,2
BRDA:35,10,0,2
BRDA:35,10,1,0
BRDA:36,11,0,0
BRDA:36,11,1,2
BRDA:36,12,0,2
BRDA:36,12,1,0
BRDA:50,13,0,0
BRDA:50,13,1,0
BRDA:53,14,0,0
BRDA:53,14,1,0
BRDA:58,15,0,0
BRDA:58,15,1,0
BRDA:155,16,0,0
BRDA:155,16,1,0
BRDA:160,17,0,0
BRDA:160,17,1,0
BRDA:235,18,0,0
BRDA:235,18,1,0
BRDA:241,19,0,0
BRDA:241,19,1,0
BRDA:241,20,0,0
BRDA:241,20,1,0
BRDA:258,21,0,0
BRDA:258,21,1,0
BRDA:258,22,0,0
BRDA:258,22,1,0
BRDA:269,23,0,0
BRDA:269,23,1,0
BRDA:272,24,0,0
BRDA:272,24,1,0
BRF:50
BRH:10
end_of_record
